[NX Daemon Server] - 2025-01-04T02:06:15.952Z - Started listening on: /tmp/6135486cab00d80dc624/d.sock
[NX Daemon Server] - 2025-01-04T02:06:15.954Z - [WATCHER]: Subscribed to changes within: /home/soumajit/Developer/personal-projects/claexa (native)
[NX Daemon Server] - 2025-01-04T02:06:15.958Z - Established a connection. Number of open connections: 1
[NX Daemon Server] - 2025-01-04T02:06:15.959Z - Established a connection. Number of open connections: 2
[NX Daemon Server] - 2025-01-04T02:06:15.960Z - Closed a connection. Number of open connections: 1
[NX Daemon Server] - 2025-01-04T02:06:15.961Z - [REQUEST]: Client Request for Project Graph Received
[NX Daemon Server] - 2025-01-04T02:06:16.146Z - Time taken for 'Load Nx Plugin: /home/soumajit/Developer/personal-projects/claexa/node_modules/.pnpm/nx@20.3.0/node_modules/nx/src/plugins/project-json/build-nodes/project-json' 182.846478ms
[NX Daemon Server] - 2025-01-04T02:06:16.148Z - Time taken for 'Load Nx Plugin: /home/soumajit/Developer/personal-projects/claexa/node_modules/.pnpm/nx@20.3.0/node_modules/nx/src/plugins/js' 186.273285ms
[NX Daemon Server] - 2025-01-04T02:06:16.223Z - [REQUEST]: Updated workspace context based on watched changes, recomputing project graph...
[NX Daemon Server] - 2025-01-04T02:06:16.224Z - [REQUEST]: 
[NX Daemon Server] - 2025-01-04T02:06:16.224Z - [REQUEST]: 
[NX Daemon Server] - 2025-01-04T02:06:16.232Z - Time taken for 'loadNxPlugins' 261.19652099999996ms
[NX Daemon Server] - 2025-01-04T02:06:16.377Z - Time taken for 'build-project-configs' 143.56060699999995ms
[NX Daemon Server] - 2025-01-04T02:06:16.381Z - [SYNC]: collect registered sync generators
[NX Daemon Server] - 2025-01-04T02:06:16.382Z - [REQUEST]: Responding to the client. project-graph
[NX Daemon Server] - 2025-01-04T02:06:16.382Z - Done responding to the client project-graph
[NX Daemon Server] - 2025-01-04T02:06:16.382Z - Handled REQUEST_PROJECT_GRAPH. Handling time: 421. Response time: 0.
[NX Daemon Server] - 2025-01-04T02:06:16.382Z - Time taken for 'total for creating and serializing project graph' 420.674984ms
[NX Daemon Server] - 2025-01-04T02:06:16.390Z - Closed a connection. Number of open connections: 0
[NX Daemon Server] - 2025-01-04T02:06:27.629Z - Established a connection. Number of open connections: 1
[NX Daemon Server] - 2025-01-04T02:06:27.629Z - Established a connection. Number of open connections: 2
[NX Daemon Server] - 2025-01-04T02:06:27.630Z - Closed a connection. Number of open connections: 1
[NX Daemon Server] - 2025-01-04T02:06:27.631Z - [REQUEST]: Client Request for Project Graph Received
[NX Daemon Server] - 2025-01-04T02:06:27.631Z - [REQUEST]: Responding to the client. project-graph
[NX Daemon Server] - 2025-01-04T02:06:27.631Z - Done responding to the client project-graph
[NX Daemon Server] - 2025-01-04T02:06:27.631Z - Handled REQUEST_PROJECT_GRAPH. Handling time: 1. Response time: 0.
[NX Daemon Server] - 2025-01-04T02:06:27.631Z - Time taken for 'total for creating and serializing project graph' 0.31165099999998347ms
[NX Daemon Server] - 2025-01-04T02:06:27.649Z - [REQUEST]: Responding to the client. handleHashTasks
[NX Daemon Server] - 2025-01-04T02:06:27.649Z - Done responding to the client handleHashTasks
[NX Daemon Server] - 2025-01-04T02:06:27.649Z - Handled HASH_TASKS. Handling time: 1. Response time: 0.
[NX Daemon Server] - 2025-01-04T02:06:27.656Z - [REQUEST]: Responding to the client. handleGetEstimatedTaskTimings
[NX Daemon Server] - 2025-01-04T02:06:27.656Z - Done responding to the client handleGetEstimatedTaskTimings
[NX Daemon Server] - 2025-01-04T02:06:27.656Z - Handled GET_ESTIMATED_TASK_TIMINGS. Handling time: 0. Response time: 0.
[NX Daemon Server] - 2025-01-04T02:06:29.265Z - [WATCHER]: Processing file changes in outputs
[NX Daemon Server] - 2025-01-04T02:06:29.266Z - [WATCHER]: 33 file(s) created or restored, 0 file(s) modified, 0 file(s) deleted
[NX Daemon Server] - 2025-01-04T02:06:29.315Z - [WATCHER]: Processing file changes in outputs
[NX Daemon Server] - 2025-01-04T02:06:29.316Z - [WATCHER]: 4 file(s) created or restored, 0 file(s) modified, 0 file(s) deleted
[NX Daemon Server] - 2025-01-04T02:06:29.369Z - [REQUEST]: Updated workspace context based on watched changes, recomputing project graph...
[NX Daemon Server] - 2025-01-04T02:06:29.369Z - [REQUEST]: apps/api/dist/common/swagger/swagger.module.d.ts,apps/api/dist/common/database/database.module.d.ts,apps/api/dist/common/common.module.js.map,apps/api/dist/auth/auth.controller.js,apps/api/dist/user/user.module.d.ts,apps/api/dist/common/common.module.js,apps/api/dist/app.module.d.ts,apps/api/dist/app.module.js.map,apps/api/dist/auth/auth.module.d.ts,apps/api/dist/common/config/config.module.js,apps/api/dist/auth/auth.controller.d.ts,apps/api/dist/common/config/config.module.d.ts,apps/api/dist/common/common.module.d.ts,apps/api/dist/common/database/database.module.js,apps/api/dist/common/swagger/swagger.module.js.map,apps/api/dist/auth/auth.module.js.map,apps/api/dist/app.module.js,apps/api/dist/common/swagger/swagger.module.js,apps/api/dist/user/user.service.js.map,apps/api/dist/user/user.service.js,apps/api/dist/auth/auth.service.js.map,apps/api/dist/auth/auth.controller.js.map,apps/api/dist/user/user.controller.d.ts,apps/api/dist/common/config/config.module.js.map,apps/api/dist/user/user.service.d.ts,apps/api/dist/common/database/database.module.js.map,apps/api/dist/user/user.controller.js,apps/api/dist/user/user.controller.js.map,apps/api/dist/auth/auth.module.js,apps/api/dist/auth/auth.service.d.ts,apps/api/dist/user/user.module.js.map,apps/api/dist/auth/auth.service.js,apps/api/dist/user/user.module.js,apps/api/dist/main.js.map,apps/api/dist/tsconfig.build.tsbuildinfo,apps/api/dist/main.js,apps/api/dist/main.d.ts
[NX Daemon Server] - 2025-01-04T02:06:29.369Z - [REQUEST]: 
[NX Daemon Server] - 2025-01-04T02:06:29.374Z - Time taken for 'hash changed files from watcher' 1.3610619999999471ms
[NX Daemon Server] - 2025-01-04T02:06:29.378Z - Time taken for 'build-project-configs' 7.34516000000076ms
[NX Daemon Server] - 2025-01-04T02:06:29.380Z - [SYNC]: collect registered sync generators
[NX Daemon Server] - 2025-01-04T02:06:29.380Z - [SYNC]: project graph hash is the same, not collecting task sync generators
[NX Daemon Server] - 2025-01-04T02:06:29.381Z - [SYNC]: nx.json hash is the same, not collecting global sync generators
[NX Daemon Server] - 2025-01-04T02:06:29.381Z - Time taken for 'total execution time for createProjectGraph()' 1.33219199999985ms
[NX Daemon Server] - 2025-01-04T02:06:29.814Z - [REQUEST]: Responding to the client. recordOutputsHash
[NX Daemon Server] - 2025-01-04T02:06:29.814Z - Done responding to the client recordOutputsHash
[NX Daemon Server] - 2025-01-04T02:06:29.814Z - Handled RECORD_OUTPUTS_HASH. Handling time: 3. Response time: 0.
[NX Daemon Server] - 2025-01-04T02:06:29.822Z - [REQUEST]: Responding to the client. handleRecordTaskRuns
[NX Daemon Server] - 2025-01-04T02:06:29.822Z - Done responding to the client handleRecordTaskRuns
[NX Daemon Server] - 2025-01-04T02:06:29.822Z - Handled RECORD_TASK_RUNS. Handling time: 4. Response time: 0.
[NX Daemon Server] - 2025-01-04T02:06:29.823Z - [REQUEST]: Responding to the client. handleGetFlakyTasks
[NX Daemon Server] - 2025-01-04T02:06:29.823Z - Done responding to the client handleGetFlakyTasks
[NX Daemon Server] - 2025-01-04T02:06:29.823Z - Handled GET_FLAKY_TASKS. Handling time: 0. Response time: 0.
[NX Daemon Server] - 2025-01-04T02:06:29.953Z - Closed a connection. Number of open connections: 0
[NX Daemon Server] - 2025-01-04T02:06:34.903Z - Established a connection. Number of open connections: 1
[NX Daemon Server] - 2025-01-04T02:06:34.904Z - Closed a connection. Number of open connections: 0
[NX Daemon Server] - 2025-01-04T02:06:34.904Z - Established a connection. Number of open connections: 1
[NX Daemon Server] - 2025-01-04T02:06:34.905Z - [REQUEST]: Client Request for Project Graph Received
[NX Daemon Server] - 2025-01-04T02:06:34.906Z - [REQUEST]: Responding to the client. project-graph
[NX Daemon Server] - 2025-01-04T02:06:34.906Z - Done responding to the client project-graph
[NX Daemon Server] - 2025-01-04T02:06:34.906Z - Handled REQUEST_PROJECT_GRAPH. Handling time: 1. Response time: 0.
[NX Daemon Server] - 2025-01-04T02:06:34.906Z - Time taken for 'total for creating and serializing project graph' 0.2998139999981504ms
[NX Daemon Server] - 2025-01-04T02:06:34.924Z - [REQUEST]: Responding to the client. handleHashTasks
[NX Daemon Server] - 2025-01-04T02:06:34.924Z - Done responding to the client handleHashTasks
[NX Daemon Server] - 2025-01-04T02:06:34.924Z - Handled HASH_TASKS. Handling time: 2. Response time: 0.
[NX Daemon Server] - 2025-01-04T02:06:34.935Z - [REQUEST]: Responding to the client. handleGetEstimatedTaskTimings
[NX Daemon Server] - 2025-01-04T02:06:34.935Z - Done responding to the client handleGetEstimatedTaskTimings
[NX Daemon Server] - 2025-01-04T02:06:34.935Z - Handled GET_ESTIMATED_TASK_TIMINGS. Handling time: 0. Response time: 0.
[NX Daemon Server] - 2025-01-04T02:06:36.543Z - [WATCHER]: Processing file changes in outputs
[NX Daemon Server] - 2025-01-04T02:06:36.543Z - [WATCHER]: 33 file(s) created or restored, 0 file(s) modified, 0 file(s) deleted
[NX Daemon Server] - 2025-01-04T02:06:36.599Z - [WATCHER]: Processing file changes in outputs
[NX Daemon Server] - 2025-01-04T02:06:36.600Z - [WATCHER]: 4 file(s) created or restored, 0 file(s) modified, 0 file(s) deleted
[NX Daemon Server] - 2025-01-04T02:06:36.644Z - [REQUEST]: Updated workspace context based on watched changes, recomputing project graph...
[NX Daemon Server] - 2025-01-04T02:06:36.645Z - [REQUEST]: apps/api/dist/auth/auth.module.js,apps/api/dist/common/config/config.module.js.map,apps/api/dist/common/config/config.module.d.ts,apps/api/dist/user/user.controller.d.ts,apps/api/dist/common/database/database.module.d.ts,apps/api/dist/app.module.d.ts,apps/api/dist/common/swagger/swagger.module.d.ts,apps/api/dist/auth/auth.module.js.map,apps/api/dist/user/user.module.js,apps/api/dist/common/swagger/swagger.module.js.map,apps/api/dist/common/config/config.module.js,apps/api/dist/common/common.module.js,apps/api/dist/auth/auth.service.d.ts,apps/api/dist/auth/auth.module.d.ts,apps/api/dist/common/database/database.module.js.map,apps/api/dist/user/user.service.js,apps/api/dist/common/common.module.d.ts,apps/api/dist/auth/auth.service.js,apps/api/dist/app.module.js.map,apps/api/dist/user/user.module.js.map,apps/api/dist/auth/auth.service.js.map,apps/api/dist/user/user.service.js.map,apps/api/dist/user/user.service.d.ts,apps/api/dist/auth/auth.controller.js,apps/api/dist/user/user.module.d.ts,apps/api/dist/common/common.module.js.map,apps/api/dist/common/database/database.module.js,apps/api/dist/user/user.controller.js.map,apps/api/dist/app.module.js,apps/api/dist/user/user.controller.js,apps/api/dist/common/swagger/swagger.module.js,apps/api/dist/auth/auth.controller.js.map,apps/api/dist/auth/auth.controller.d.ts,apps/api/dist/main.js.map,apps/api/dist/tsconfig.build.tsbuildinfo,apps/api/dist/main.js,apps/api/dist/main.d.ts
[NX Daemon Server] - 2025-01-04T02:06:36.645Z - [REQUEST]: 
[NX Daemon Server] - 2025-01-04T02:06:36.647Z - Time taken for 'hash changed files from watcher' 1.0407489999997779ms
[NX Daemon Server] - 2025-01-04T02:06:36.650Z - Time taken for 'build-project-configs' 4.527503999997862ms
[NX Daemon Server] - 2025-01-04T02:06:36.652Z - [SYNC]: collect registered sync generators
[NX Daemon Server] - 2025-01-04T02:06:36.652Z - [SYNC]: project graph hash is the same, not collecting task sync generators
[NX Daemon Server] - 2025-01-04T02:06:36.652Z - [SYNC]: nx.json hash is the same, not collecting global sync generators
[NX Daemon Server] - 2025-01-04T02:06:36.652Z - Time taken for 'total execution time for createProjectGraph()' 1.4827130000012403ms
[NX Daemon Server] - 2025-01-04T02:06:37.096Z - [REQUEST]: Responding to the client. recordOutputsHash
[NX Daemon Server] - 2025-01-04T02:06:37.096Z - Done responding to the client recordOutputsHash
[NX Daemon Server] - 2025-01-04T02:06:37.096Z - Handled RECORD_OUTPUTS_HASH. Handling time: 3. Response time: 0.
[NX Daemon Server] - 2025-01-04T02:06:37.100Z - [REQUEST]: Responding to the client. handleRecordTaskRuns
[NX Daemon Server] - 2025-01-04T02:06:37.100Z - Done responding to the client handleRecordTaskRuns
[NX Daemon Server] - 2025-01-04T02:06:37.100Z - Handled RECORD_TASK_RUNS. Handling time: 2. Response time: 0.
[NX Daemon Server] - 2025-01-04T02:06:37.101Z - [REQUEST]: Responding to the client. handleGetFlakyTasks
[NX Daemon Server] - 2025-01-04T02:06:37.101Z - Done responding to the client handleGetFlakyTasks
[NX Daemon Server] - 2025-01-04T02:06:37.101Z - Handled GET_FLAKY_TASKS. Handling time: 0. Response time: 0.
[NX Daemon Server] - 2025-01-04T02:06:37.228Z - Closed a connection. Number of open connections: 0
[NX Daemon Server] - 2025-01-04T02:08:02.261Z - Established a connection. Number of open connections: 1
[NX Daemon Server] - 2025-01-04T02:08:02.262Z - Closed a connection. Number of open connections: 0
[NX Daemon Server] - 2025-01-04T02:08:02.262Z - Established a connection. Number of open connections: 1
[NX Daemon Server] - 2025-01-04T02:08:02.263Z - [REQUEST]: Client Request for Project Graph Received
[NX Daemon Server] - 2025-01-04T02:08:02.264Z - [REQUEST]: Responding to the client. project-graph
[NX Daemon Server] - 2025-01-04T02:08:02.264Z - Done responding to the client project-graph
[NX Daemon Server] - 2025-01-04T02:08:02.264Z - Handled REQUEST_PROJECT_GRAPH. Handling time: 1. Response time: 0.
[NX Daemon Server] - 2025-01-04T02:08:02.264Z - Time taken for 'total for creating and serializing project graph' 0.29188400000566617ms
[NX Daemon Server] - 2025-01-04T02:08:02.283Z - [REQUEST]: Responding to the client. handleHashTasks
[NX Daemon Server] - 2025-01-04T02:08:02.283Z - Done responding to the client handleHashTasks
[NX Daemon Server] - 2025-01-04T02:08:02.283Z - Handled HASH_TASKS. Handling time: 1. Response time: 0.
[NX Daemon Server] - 2025-01-04T02:08:02.292Z - [REQUEST]: Responding to the client. handleGetEstimatedTaskTimings
[NX Daemon Server] - 2025-01-04T02:08:02.292Z - Done responding to the client handleGetEstimatedTaskTimings
[NX Daemon Server] - 2025-01-04T02:08:02.292Z - Handled GET_ESTIMATED_TASK_TIMINGS. Handling time: 0. Response time: 0.
[NX Daemon Server] - 2025-01-04T02:08:03.925Z - [WATCHER]: Processing file changes in outputs
[NX Daemon Server] - 2025-01-04T02:08:03.926Z - [WATCHER]: 33 file(s) created or restored, 0 file(s) modified, 0 file(s) deleted
[NX Daemon Server] - 2025-01-04T02:08:03.981Z - [WATCHER]: Processing file changes in outputs
[NX Daemon Server] - 2025-01-04T02:08:03.982Z - [WATCHER]: 4 file(s) created or restored, 0 file(s) modified, 0 file(s) deleted
[NX Daemon Server] - 2025-01-04T02:08:04.028Z - [REQUEST]: Updated workspace context based on watched changes, recomputing project graph...
[NX Daemon Server] - 2025-01-04T02:08:04.028Z - [REQUEST]: apps/api/dist/app.module.js.map,apps/api/dist/user/user.module.js.map,apps/api/dist/common/config/config.module.js.map,apps/api/dist/common/common.module.d.ts,apps/api/dist/auth/auth.service.js,apps/api/dist/auth/auth.service.js.map,apps/api/dist/user/user.service.d.ts,apps/api/dist/user/user.controller.js.map,apps/api/dist/auth/auth.controller.js.map,apps/api/dist/auth/auth.controller.d.ts,apps/api/dist/common/swagger/swagger.module.d.ts,apps/api/dist/common/swagger/swagger.module.js,apps/api/dist/auth/auth.controller.js,apps/api/dist/common/database/database.module.js,apps/api/dist/common/config/config.module.js,apps/api/dist/app.module.js,apps/api/dist/auth/auth.service.d.ts,apps/api/dist/common/database/database.module.d.ts,apps/api/dist/auth/auth.module.js,apps/api/dist/auth/auth.module.js.map,apps/api/dist/user/user.controller.d.ts,apps/api/dist/user/user.module.d.ts,apps/api/dist/user/user.controller.js,apps/api/dist/auth/auth.module.d.ts,apps/api/dist/common/common.module.js.map,apps/api/dist/user/user.service.js.map,apps/api/dist/common/config/config.module.d.ts,apps/api/dist/common/common.module.js,apps/api/dist/common/swagger/swagger.module.js.map,apps/api/dist/user/user.module.js,apps/api/dist/app.module.d.ts,apps/api/dist/common/database/database.module.js.map,apps/api/dist/user/user.service.js,apps/api/dist/tsconfig.build.tsbuildinfo,apps/api/dist/main.js,apps/api/dist/main.js.map,apps/api/dist/main.d.ts
[NX Daemon Server] - 2025-01-04T02:08:04.028Z - [REQUEST]: 
[NX Daemon Server] - 2025-01-04T02:08:04.030Z - Time taken for 'hash changed files from watcher' 0.9696360000089044ms
[NX Daemon Server] - 2025-01-04T02:08:04.034Z - Time taken for 'build-project-configs' 4.358086000007461ms
[NX Daemon Server] - 2025-01-04T02:08:04.036Z - [SYNC]: collect registered sync generators
[NX Daemon Server] - 2025-01-04T02:08:04.036Z - [SYNC]: project graph hash is the same, not collecting task sync generators
[NX Daemon Server] - 2025-01-04T02:08:04.036Z - [SYNC]: nx.json hash is the same, not collecting global sync generators
[NX Daemon Server] - 2025-01-04T02:08:04.036Z - Time taken for 'total execution time for createProjectGraph()' 1.3215090000012424ms
[NX Daemon Server] - 2025-01-04T02:08:04.475Z - [REQUEST]: Responding to the client. recordOutputsHash
[NX Daemon Server] - 2025-01-04T02:08:04.475Z - Done responding to the client recordOutputsHash
[NX Daemon Server] - 2025-01-04T02:08:04.475Z - Handled RECORD_OUTPUTS_HASH. Handling time: 2. Response time: 0.
[NX Daemon Server] - 2025-01-04T02:08:04.479Z - [REQUEST]: Responding to the client. handleRecordTaskRuns
[NX Daemon Server] - 2025-01-04T02:08:04.480Z - Done responding to the client handleRecordTaskRuns
[NX Daemon Server] - 2025-01-04T02:08:04.480Z - Handled RECORD_TASK_RUNS. Handling time: 2. Response time: 1.
[NX Daemon Server] - 2025-01-04T02:08:04.480Z - [REQUEST]: Responding to the client. handleGetFlakyTasks
[NX Daemon Server] - 2025-01-04T02:08:04.480Z - Done responding to the client handleGetFlakyTasks
[NX Daemon Server] - 2025-01-04T02:08:04.480Z - Handled GET_FLAKY_TASKS. Handling time: 0. Response time: 0.
[NX Daemon Server] - 2025-01-04T02:08:04.618Z - Closed a connection. Number of open connections: 0
[NX Daemon Server] - 2025-01-04T02:11:31.681Z - [WATCHER]: Processing file changes in outputs
